Arguments: 
  /usr/local/Cellar/node/8.9.1/bin/node /usr/local/bin/yarn add react-redux

PATH: 
  /usr/local/bin:/usr/local/bin:/usr/bin:/bin:/usr/sbin:/sbin:/Library/Frameworks/Mono.framework/Versions/Current/Commands

Yarn version: 
  1.3.2

Node version: 
  8.9.1

Platform: 
  darwin x64

npm manifest: 
  {
    "main": "node_modules/expo/AppEntry.js",
    "private": true,
    "dependencies": {
      "expo": "^23.0.0",
      "react": "16.0.0",
      "react-native": "https://github.com/expo/react-native/archive/sdk-23.0.0.tar.gz"
    }
  }

yarn manifest: 
  No manifest

Lockfile: 
  No lockfile

Trace: 
  Error: https://github.com/expo/react-native/archive/sdk-23.0.0.tar.gz: ENOENT: no such file or directory, utime '/Users/plusbeauxjours/Library/Caches/Yarn/v1/.tmp/c88fa01b66029fc490d0ddb24cbf646d/RNTester/RNTesterIntegrationTests/ReferenceImages/RNTester-js-RNTesterApp.ios/testTextExample_1-iOS11@2x.png'
